[debug] [2023-12-02T03:07:40.318Z] ----------------------------------------------------------------------
[debug] [2023-12-02T03:07:40.329Z] Command:       C:\Program Files\nodejs\node.exe C:\Users\Aldi Andalan\AppData\Roaming\npm\node_modules\firebase-tools\lib\bin\firebase.js deploy
[debug] [2023-12-02T03:07:40.332Z] CLI Version:   12.7.0
[debug] [2023-12-02T03:07:40.333Z] Platform:      win32
[debug] [2023-12-02T03:07:40.334Z] Node Version:  v18.17.0
[debug] [2023-12-02T03:07:40.338Z] Time:          Sat Dec 02 2023 10:07:40 GMT+0700 (Western Indonesia Time)
[debug] [2023-12-02T03:07:40.339Z] ----------------------------------------------------------------------
[debug] 
[debug] [2023-12-02T03:07:40.745Z] > command requires scopes: ["email","openid","https://www.googleapis.com/auth/cloudplatformprojects.readonly","https://www.googleapis.com/auth/firebase","https://www.googleapis.com/auth/cloud-platform"]
[debug] [2023-12-02T03:07:40.748Z] > authorizing via signed-in user (andalanaldi@gmail.com)
[debug] [2023-12-02T03:07:40.750Z] [iam] checking project deployment-fsse-june-23 for permissions ["cloudfunctions.functions.create","cloudfunctions.functions.delete","cloudfunctions.functions.get","cloudfunctions.functions.list","cloudfunctions.functions.update","cloudfunctions.operations.get","firebase.projects.get"]
[debug] [2023-12-02T03:07:40.761Z] >>> [apiv2][query] POST https://cloudresourcemanager.googleapis.com/v1/projects/deployment-fsse-june-23:testIamPermissions [none]
[debug] [2023-12-02T03:07:40.761Z] >>> [apiv2][(partial)header] POST https://cloudresourcemanager.googleapis.com/v1/projects/deployment-fsse-june-23:testIamPermissions x-goog-quota-user=projects/deployment-fsse-june-23
[debug] [2023-12-02T03:07:40.763Z] >>> [apiv2][body] POST https://cloudresourcemanager.googleapis.com/v1/projects/deployment-fsse-june-23:testIamPermissions {"permissions":["cloudfunctions.functions.create","cloudfunctions.functions.delete","cloudfunctions.functions.get","cloudfunctions.functions.list","cloudfunctions.functions.update","cloudfunctions.operations.get","firebase.projects.get"]}
[debug] [2023-12-02T03:07:42.106Z] <<< [apiv2][status] POST https://cloudresourcemanager.googleapis.com/v1/projects/deployment-fsse-june-23:testIamPermissions 200
[debug] [2023-12-02T03:07:42.108Z] <<< [apiv2][body] POST https://cloudresourcemanager.googleapis.com/v1/projects/deployment-fsse-june-23:testIamPermissions {"permissions":["cloudfunctions.functions.create","cloudfunctions.functions.delete","cloudfunctions.functions.get","cloudfunctions.functions.list","cloudfunctions.functions.update","cloudfunctions.operations.get","firebase.projects.get"]}
[debug] [2023-12-02T03:07:42.109Z] >>> [apiv2][query] POST https://iam.googleapis.com/v1/projects/deployment-fsse-june-23/serviceAccounts/deployment-fsse-june-23@appspot.gserviceaccount.com:testIamPermissions [none]
[debug] [2023-12-02T03:07:42.110Z] >>> [apiv2][body] POST https://iam.googleapis.com/v1/projects/deployment-fsse-june-23/serviceAccounts/deployment-fsse-june-23@appspot.gserviceaccount.com:testIamPermissions {"permissions":["iam.serviceAccounts.actAs"]}
[debug] [2023-12-02T03:07:43.551Z] <<< [apiv2][status] POST https://iam.googleapis.com/v1/projects/deployment-fsse-june-23/serviceAccounts/deployment-fsse-june-23@appspot.gserviceaccount.com:testIamPermissions 200
[debug] [2023-12-02T03:07:43.553Z] <<< [apiv2][body] POST https://iam.googleapis.com/v1/projects/deployment-fsse-june-23/serviceAccounts/deployment-fsse-june-23@appspot.gserviceaccount.com:testIamPermissions {"permissions":["iam.serviceAccounts.actAs"]}
[info] 
[info] === Deploying to 'deployment-fsse-june-23'...
[info] 
[info] i  deploying functions 
[debug] [2023-12-02T03:07:43.573Z] >>> [apiv2][query] GET https://firebase.googleapis.com/v1beta1/projects/deployment-fsse-june-23 [none]
[debug] [2023-12-02T03:07:44.342Z] <<< [apiv2][status] GET https://firebase.googleapis.com/v1beta1/projects/deployment-fsse-june-23 200
[debug] [2023-12-02T03:07:44.343Z] <<< [apiv2][body] GET https://firebase.googleapis.com/v1beta1/projects/deployment-fsse-june-23 {"projectId":"deployment-fsse-june-23","projectNumber":"22359952577","displayName":"Deployment-FSSE June 23","name":"projects/deployment-fsse-june-23","resources":{"hostingSite":"deployment-fsse-june-23"},"state":"ACTIVE","etag":"1_494b91d6-6640-460f-9ce1-ceb12308c550"}
[info] i  functions: preparing codebase backend-w22 for deployment 
[info] i  functions: ensuring required API cloudfunctions.googleapis.com is enabled... 
[info] i  functions: ensuring required API cloudbuild.googleapis.com is enabled... 
[info] i  artifactregistry: ensuring required API artifactregistry.googleapis.com is enabled... 
[debug] [2023-12-02T03:07:44.356Z] >>> [apiv2][query] GET https://serviceusage.googleapis.com/v1/projects/deployment-fsse-june-23/services/cloudfunctions.googleapis.com [none]
[debug] [2023-12-02T03:07:44.357Z] >>> [apiv2][(partial)header] GET https://serviceusage.googleapis.com/v1/projects/deployment-fsse-june-23/services/cloudfunctions.googleapis.com x-goog-quota-user=projects/deployment-fsse-june-23
[debug] [2023-12-02T03:07:44.362Z] >>> [apiv2][query] GET https://serviceusage.googleapis.com/v1/projects/deployment-fsse-june-23/services/runtimeconfig.googleapis.com [none]
[debug] [2023-12-02T03:07:44.363Z] >>> [apiv2][(partial)header] GET https://serviceusage.googleapis.com/v1/projects/deployment-fsse-june-23/services/runtimeconfig.googleapis.com x-goog-quota-user=projects/deployment-fsse-june-23
[debug] [2023-12-02T03:07:44.371Z] >>> [apiv2][query] GET https://serviceusage.googleapis.com/v1/projects/deployment-fsse-june-23/services/cloudbuild.googleapis.com [none]
[debug] [2023-12-02T03:07:44.371Z] >>> [apiv2][(partial)header] GET https://serviceusage.googleapis.com/v1/projects/deployment-fsse-june-23/services/cloudbuild.googleapis.com x-goog-quota-user=projects/deployment-fsse-june-23
[debug] [2023-12-02T03:07:44.376Z] >>> [apiv2][query] GET https://serviceusage.googleapis.com/v1/projects/deployment-fsse-june-23/services/artifactregistry.googleapis.com [none]
[debug] [2023-12-02T03:07:44.377Z] >>> [apiv2][(partial)header] GET https://serviceusage.googleapis.com/v1/projects/deployment-fsse-june-23/services/artifactregistry.googleapis.com x-goog-quota-user=projects/deployment-fsse-june-23
[debug] [2023-12-02T03:07:45.881Z] <<< [apiv2][status] GET https://serviceusage.googleapis.com/v1/projects/deployment-fsse-june-23/services/runtimeconfig.googleapis.com 200
[debug] [2023-12-02T03:07:45.882Z] <<< [apiv2][body] GET https://serviceusage.googleapis.com/v1/projects/deployment-fsse-june-23/services/runtimeconfig.googleapis.com [omitted]
[debug] [2023-12-02T03:07:45.902Z] <<< [apiv2][status] GET https://serviceusage.googleapis.com/v1/projects/deployment-fsse-june-23/services/artifactregistry.googleapis.com 200
[debug] [2023-12-02T03:07:45.903Z] <<< [apiv2][body] GET https://serviceusage.googleapis.com/v1/projects/deployment-fsse-june-23/services/artifactregistry.googleapis.com [omitted]
[info] +  artifactregistry: required API artifactregistry.googleapis.com is enabled 
[debug] [2023-12-02T03:07:45.919Z] <<< [apiv2][status] GET https://serviceusage.googleapis.com/v1/projects/deployment-fsse-june-23/services/cloudfunctions.googleapis.com 200
[debug] [2023-12-02T03:07:45.920Z] <<< [apiv2][body] GET https://serviceusage.googleapis.com/v1/projects/deployment-fsse-june-23/services/cloudfunctions.googleapis.com [omitted]
[info] +  functions: required API cloudfunctions.googleapis.com is enabled 
[debug] [2023-12-02T03:07:45.928Z] <<< [apiv2][status] GET https://serviceusage.googleapis.com/v1/projects/deployment-fsse-june-23/services/cloudbuild.googleapis.com 200
[debug] [2023-12-02T03:07:45.929Z] <<< [apiv2][body] GET https://serviceusage.googleapis.com/v1/projects/deployment-fsse-june-23/services/cloudbuild.googleapis.com [omitted]
[info] +  functions: required API cloudbuild.googleapis.com is enabled 
[debug] [2023-12-02T03:07:45.936Z] >>> [apiv2][query] GET https://firebase.googleapis.com/v1beta1/projects/deployment-fsse-june-23/adminSdkConfig [none]
[debug] [2023-12-02T03:07:46.268Z] <<< [apiv2][status] GET https://firebase.googleapis.com/v1beta1/projects/deployment-fsse-june-23/adminSdkConfig 200
[debug] [2023-12-02T03:07:46.269Z] <<< [apiv2][body] GET https://firebase.googleapis.com/v1beta1/projects/deployment-fsse-june-23/adminSdkConfig {"projectId":"deployment-fsse-june-23","storageBucket":"deployment-fsse-june-23.appspot.com"}
[debug] [2023-12-02T03:07:46.271Z] >>> [apiv2][query] GET https://runtimeconfig.googleapis.com/v1beta1/projects/deployment-fsse-june-23/configs [none]
[debug] [2023-12-02T03:07:46.650Z] <<< [apiv2][status] GET https://runtimeconfig.googleapis.com/v1beta1/projects/deployment-fsse-june-23/configs 200
[debug] [2023-12-02T03:07:46.651Z] <<< [apiv2][body] GET https://runtimeconfig.googleapis.com/v1beta1/projects/deployment-fsse-june-23/configs {}
[debug] [2023-12-02T03:07:46.656Z] Customer code is not Node
[debug] [2023-12-02T03:07:46.657Z] Validating python source
[debug] [2023-12-02T03:07:46.657Z] Building python source
[info] i  functions: Loading and analyzing source code for codebase backend-w22 to determine what to deploy 
[debug] [2023-12-02T03:07:46.662Z] Could not find functions.yaml. Must use http discovery
[debug] [2023-12-02T03:07:46.708Z] Running command with virtualenv: command="C:\Users\Aldi Andalan\Documents\revou\week-22-andalanaldi\backend-w22\venv\Scripts\activate.bat", args=["","&&","python.exe","-c","\"import firebase_functions; import os; print(os.path.dirname(firebase_functions.__file__))\""]
[debug] [2023-12-02T03:07:47.110Z] stderr: Traceback (most recent call last):
  File "<string>", line 1, in <module>
ModuleNotFoundError: No module named 'firebase_functions'

[debug] [2023-12-02T03:07:47.225Z] Error: spawn "C:\Users\Aldi Andalan\Documents\revou\week-22-andalanaldi\backend-w22\venv\Scripts\activate.bat" ENOENT
    at notFoundError (C:\Users\Aldi Andalan\AppData\Roaming\npm\node_modules\firebase-tools\node_modules\cross-spawn\lib\enoent.js:6:26)
    at verifyENOENT (C:\Users\Aldi Andalan\AppData\Roaming\npm\node_modules\firebase-tools\node_modules\cross-spawn\lib\enoent.js:40:16)
    at cp.emit (C:\Users\Aldi Andalan\AppData\Roaming\npm\node_modules\firebase-tools\node_modules\cross-spawn\lib\enoent.js:27:25)
    at ChildProcess._handle.onexit (node:internal/child_process:291:12)
[error] 
[error] Error: An unexpected error has occurred.
[debug] [2023-12-02T03:30:28.604Z] ----------------------------------------------------------------------
[debug] [2023-12-02T03:30:28.615Z] Command:       C:\Program Files\nodejs\node.exe C:\Users\Aldi Andalan\AppData\Roaming\npm\node_modules\firebase-tools\lib\bin\firebase.js deploy
[debug] [2023-12-02T03:30:28.617Z] CLI Version:   12.7.0
[debug] [2023-12-02T03:30:28.619Z] Platform:      win32
[debug] [2023-12-02T03:30:28.621Z] Node Version:  v18.17.0
[debug] [2023-12-02T03:30:28.625Z] Time:          Sat Dec 02 2023 10:30:28 GMT+0700 (Western Indonesia Time)
[debug] [2023-12-02T03:30:28.626Z] ----------------------------------------------------------------------
[debug] 
[debug] [2023-12-02T03:30:29.177Z] > command requires scopes: ["email","openid","https://www.googleapis.com/auth/cloudplatformprojects.readonly","https://www.googleapis.com/auth/firebase","https://www.googleapis.com/auth/cloud-platform"]
[debug] [2023-12-02T03:30:29.181Z] > authorizing via signed-in user (andalanaldi@gmail.com)
[debug] [2023-12-02T03:30:29.182Z] [iam] checking project deployment-fsse-june-23 for permissions ["cloudfunctions.functions.create","cloudfunctions.functions.delete","cloudfunctions.functions.get","cloudfunctions.functions.list","cloudfunctions.functions.update","cloudfunctions.operations.get","firebase.projects.get"]
[debug] [2023-12-02T03:30:29.194Z] >>> [apiv2][query] POST https://cloudresourcemanager.googleapis.com/v1/projects/deployment-fsse-june-23:testIamPermissions [none]
[debug] [2023-12-02T03:30:29.195Z] >>> [apiv2][(partial)header] POST https://cloudresourcemanager.googleapis.com/v1/projects/deployment-fsse-june-23:testIamPermissions x-goog-quota-user=projects/deployment-fsse-june-23
[debug] [2023-12-02T03:30:29.197Z] >>> [apiv2][body] POST https://cloudresourcemanager.googleapis.com/v1/projects/deployment-fsse-june-23:testIamPermissions {"permissions":["cloudfunctions.functions.create","cloudfunctions.functions.delete","cloudfunctions.functions.get","cloudfunctions.functions.list","cloudfunctions.functions.update","cloudfunctions.operations.get","firebase.projects.get"]}
[debug] [2023-12-02T03:30:30.593Z] <<< [apiv2][status] POST https://cloudresourcemanager.googleapis.com/v1/projects/deployment-fsse-june-23:testIamPermissions 200
[debug] [2023-12-02T03:30:30.595Z] <<< [apiv2][body] POST https://cloudresourcemanager.googleapis.com/v1/projects/deployment-fsse-june-23:testIamPermissions {"permissions":["cloudfunctions.functions.create","cloudfunctions.functions.delete","cloudfunctions.functions.get","cloudfunctions.functions.list","cloudfunctions.functions.update","cloudfunctions.operations.get","firebase.projects.get"]}
[debug] [2023-12-02T03:30:30.598Z] >>> [apiv2][query] POST https://iam.googleapis.com/v1/projects/deployment-fsse-june-23/serviceAccounts/deployment-fsse-june-23@appspot.gserviceaccount.com:testIamPermissions [none]
[debug] [2023-12-02T03:30:30.598Z] >>> [apiv2][body] POST https://iam.googleapis.com/v1/projects/deployment-fsse-june-23/serviceAccounts/deployment-fsse-june-23@appspot.gserviceaccount.com:testIamPermissions {"permissions":["iam.serviceAccounts.actAs"]}
[debug] [2023-12-02T03:30:31.965Z] <<< [apiv2][status] POST https://iam.googleapis.com/v1/projects/deployment-fsse-june-23/serviceAccounts/deployment-fsse-june-23@appspot.gserviceaccount.com:testIamPermissions 200
[debug] [2023-12-02T03:30:31.966Z] <<< [apiv2][body] POST https://iam.googleapis.com/v1/projects/deployment-fsse-june-23/serviceAccounts/deployment-fsse-june-23@appspot.gserviceaccount.com:testIamPermissions {"permissions":["iam.serviceAccounts.actAs"]}
[info] 
[info] === Deploying to 'deployment-fsse-june-23'...
[info] 
[info] i  deploying functions 
[debug] [2023-12-02T03:30:31.984Z] >>> [apiv2][query] GET https://firebase.googleapis.com/v1beta1/projects/deployment-fsse-june-23 [none]
[debug] [2023-12-02T03:30:32.568Z] <<< [apiv2][status] GET https://firebase.googleapis.com/v1beta1/projects/deployment-fsse-june-23 200
[debug] [2023-12-02T03:30:32.569Z] <<< [apiv2][body] GET https://firebase.googleapis.com/v1beta1/projects/deployment-fsse-june-23 {"projectId":"deployment-fsse-june-23","projectNumber":"22359952577","displayName":"Deployment-FSSE June 23","name":"projects/deployment-fsse-june-23","resources":{"hostingSite":"deployment-fsse-june-23"},"state":"ACTIVE","etag":"1_494b91d6-6640-460f-9ce1-ceb12308c550"}
[info] i  functions: preparing codebase functions for deployment 
[info] i  functions: ensuring required API cloudfunctions.googleapis.com is enabled... 
[info] i  functions: ensuring required API cloudbuild.googleapis.com is enabled... 
[info] i  artifactregistry: ensuring required API artifactregistry.googleapis.com is enabled... 
[debug] [2023-12-02T03:30:32.581Z] >>> [apiv2][query] GET https://serviceusage.googleapis.com/v1/projects/deployment-fsse-june-23/services/cloudfunctions.googleapis.com [none]
[debug] [2023-12-02T03:30:32.582Z] >>> [apiv2][(partial)header] GET https://serviceusage.googleapis.com/v1/projects/deployment-fsse-june-23/services/cloudfunctions.googleapis.com x-goog-quota-user=projects/deployment-fsse-june-23
[debug] [2023-12-02T03:30:32.590Z] >>> [apiv2][query] GET https://serviceusage.googleapis.com/v1/projects/deployment-fsse-june-23/services/runtimeconfig.googleapis.com [none]
[debug] [2023-12-02T03:30:32.591Z] >>> [apiv2][(partial)header] GET https://serviceusage.googleapis.com/v1/projects/deployment-fsse-june-23/services/runtimeconfig.googleapis.com x-goog-quota-user=projects/deployment-fsse-june-23
[debug] [2023-12-02T03:30:32.598Z] >>> [apiv2][query] GET https://serviceusage.googleapis.com/v1/projects/deployment-fsse-june-23/services/cloudbuild.googleapis.com [none]
[debug] [2023-12-02T03:30:32.598Z] >>> [apiv2][(partial)header] GET https://serviceusage.googleapis.com/v1/projects/deployment-fsse-june-23/services/cloudbuild.googleapis.com x-goog-quota-user=projects/deployment-fsse-june-23
[debug] [2023-12-02T03:30:32.604Z] >>> [apiv2][query] GET https://serviceusage.googleapis.com/v1/projects/deployment-fsse-june-23/services/artifactregistry.googleapis.com [none]
[debug] [2023-12-02T03:30:32.605Z] >>> [apiv2][(partial)header] GET https://serviceusage.googleapis.com/v1/projects/deployment-fsse-june-23/services/artifactregistry.googleapis.com x-goog-quota-user=projects/deployment-fsse-june-23
[debug] [2023-12-02T03:30:34.085Z] <<< [apiv2][status] GET https://serviceusage.googleapis.com/v1/projects/deployment-fsse-june-23/services/runtimeconfig.googleapis.com 200
[debug] [2023-12-02T03:30:34.085Z] <<< [apiv2][body] GET https://serviceusage.googleapis.com/v1/projects/deployment-fsse-june-23/services/runtimeconfig.googleapis.com [omitted]
[debug] [2023-12-02T03:30:34.107Z] <<< [apiv2][status] GET https://serviceusage.googleapis.com/v1/projects/deployment-fsse-june-23/services/cloudbuild.googleapis.com 200
[debug] [2023-12-02T03:30:34.108Z] <<< [apiv2][body] GET https://serviceusage.googleapis.com/v1/projects/deployment-fsse-june-23/services/cloudbuild.googleapis.com [omitted]
[info] +  functions: required API cloudbuild.googleapis.com is enabled 
[debug] [2023-12-02T03:30:34.132Z] <<< [apiv2][status] GET https://serviceusage.googleapis.com/v1/projects/deployment-fsse-june-23/services/cloudfunctions.googleapis.com 200
[debug] [2023-12-02T03:30:34.132Z] <<< [apiv2][body] GET https://serviceusage.googleapis.com/v1/projects/deployment-fsse-june-23/services/cloudfunctions.googleapis.com [omitted]
[info] +  functions: required API cloudfunctions.googleapis.com is enabled 
[debug] [2023-12-02T03:30:34.147Z] <<< [apiv2][status] GET https://serviceusage.googleapis.com/v1/projects/deployment-fsse-june-23/services/artifactregistry.googleapis.com 200
[debug] [2023-12-02T03:30:34.147Z] <<< [apiv2][body] GET https://serviceusage.googleapis.com/v1/projects/deployment-fsse-june-23/services/artifactregistry.googleapis.com [omitted]
[info] +  artifactregistry: required API artifactregistry.googleapis.com is enabled 
[debug] [2023-12-02T03:30:34.151Z] >>> [apiv2][query] GET https://firebase.googleapis.com/v1beta1/projects/deployment-fsse-june-23/adminSdkConfig [none]
[debug] [2023-12-02T03:30:34.774Z] <<< [apiv2][status] GET https://firebase.googleapis.com/v1beta1/projects/deployment-fsse-june-23/adminSdkConfig 200
[debug] [2023-12-02T03:30:34.775Z] <<< [apiv2][body] GET https://firebase.googleapis.com/v1beta1/projects/deployment-fsse-june-23/adminSdkConfig {"projectId":"deployment-fsse-june-23","storageBucket":"deployment-fsse-june-23.appspot.com"}
[debug] [2023-12-02T03:30:34.777Z] >>> [apiv2][query] GET https://runtimeconfig.googleapis.com/v1beta1/projects/deployment-fsse-june-23/configs [none]
[debug] [2023-12-02T03:30:35.208Z] <<< [apiv2][status] GET https://runtimeconfig.googleapis.com/v1beta1/projects/deployment-fsse-june-23/configs 200
[debug] [2023-12-02T03:30:35.209Z] <<< [apiv2][body] GET https://runtimeconfig.googleapis.com/v1beta1/projects/deployment-fsse-june-23/configs {}
[debug] [2023-12-02T03:30:35.215Z] Customer code is not Node
[debug] [2023-12-02T03:30:35.217Z] Validating python source
[debug] [2023-12-02T03:30:35.218Z] Building python source
[info] i  functions: Loading and analyzing source code for codebase functions to determine what to deploy 
[debug] [2023-12-02T03:30:35.224Z] Could not find functions.yaml. Must use http discovery
[debug] [2023-12-02T03:30:35.289Z] Running command with virtualenv: command="C:\Users\Aldi Andalan\Documents\revou\week-22-andalanaldi\functions\venv\Scripts\activate.bat", args=["","&&","python.exe","-c","\"import firebase_functions; import os; print(os.path.dirname(firebase_functions.__file__))\""]
[debug] [2023-12-02T03:30:35.772Z] stderr: Traceback (most recent call last):
  File "<string>", line 1, in <module>

[debug] [2023-12-02T03:30:35.773Z] stderr: ModuleNotFoundError: No module named 'firebase_functions'

[debug] [2023-12-02T03:30:35.914Z] Error: spawn "C:\Users\Aldi Andalan\Documents\revou\week-22-andalanaldi\functions\venv\Scripts\activate.bat" ENOENT
    at notFoundError (C:\Users\Aldi Andalan\AppData\Roaming\npm\node_modules\firebase-tools\node_modules\cross-spawn\lib\enoent.js:6:26)
    at verifyENOENT (C:\Users\Aldi Andalan\AppData\Roaming\npm\node_modules\firebase-tools\node_modules\cross-spawn\lib\enoent.js:40:16)
    at cp.emit (C:\Users\Aldi Andalan\AppData\Roaming\npm\node_modules\firebase-tools\node_modules\cross-spawn\lib\enoent.js:27:25)
    at ChildProcess._handle.onexit (node:internal/child_process:291:12)
[error] 
[error] Error: An unexpected error has occurred.
[debug] [2023-12-02T03:31:02.358Z] ----------------------------------------------------------------------
[debug] [2023-12-02T03:31:02.375Z] Command:       C:\Program Files\nodejs\node.exe C:\Users\Aldi Andalan\AppData\Roaming\npm\node_modules\firebase-tools\lib\bin\firebase.js deploy
[debug] [2023-12-02T03:31:02.377Z] CLI Version:   12.7.0
[debug] [2023-12-02T03:31:02.379Z] Platform:      win32
[debug] [2023-12-02T03:31:02.380Z] Node Version:  v18.17.0
[debug] [2023-12-02T03:31:02.387Z] Time:          Sat Dec 02 2023 10:31:02 GMT+0700 (Western Indonesia Time)
[debug] [2023-12-02T03:31:02.388Z] ----------------------------------------------------------------------
[debug] 
[debug] [2023-12-02T03:31:02.816Z] > command requires scopes: ["email","openid","https://www.googleapis.com/auth/cloudplatformprojects.readonly","https://www.googleapis.com/auth/firebase","https://www.googleapis.com/auth/cloud-platform"]
[debug] [2023-12-02T03:31:02.819Z] > authorizing via signed-in user (andalanaldi@gmail.com)
[debug] [2023-12-02T03:31:02.820Z] [iam] checking project deployment-fsse-june-23 for permissions ["cloudfunctions.functions.create","cloudfunctions.functions.delete","cloudfunctions.functions.get","cloudfunctions.functions.list","cloudfunctions.functions.update","cloudfunctions.operations.get","firebase.projects.get"]
[debug] [2023-12-02T03:31:02.835Z] >>> [apiv2][query] POST https://cloudresourcemanager.googleapis.com/v1/projects/deployment-fsse-june-23:testIamPermissions [none]
[debug] [2023-12-02T03:31:02.836Z] >>> [apiv2][(partial)header] POST https://cloudresourcemanager.googleapis.com/v1/projects/deployment-fsse-june-23:testIamPermissions x-goog-quota-user=projects/deployment-fsse-june-23
[debug] [2023-12-02T03:31:02.839Z] >>> [apiv2][body] POST https://cloudresourcemanager.googleapis.com/v1/projects/deployment-fsse-june-23:testIamPermissions {"permissions":["cloudfunctions.functions.create","cloudfunctions.functions.delete","cloudfunctions.functions.get","cloudfunctions.functions.list","cloudfunctions.functions.update","cloudfunctions.operations.get","firebase.projects.get"]}
[debug] [2023-12-02T03:31:04.177Z] <<< [apiv2][status] POST https://cloudresourcemanager.googleapis.com/v1/projects/deployment-fsse-june-23:testIamPermissions 200
[debug] [2023-12-02T03:31:04.179Z] <<< [apiv2][body] POST https://cloudresourcemanager.googleapis.com/v1/projects/deployment-fsse-june-23:testIamPermissions {"permissions":["cloudfunctions.functions.create","cloudfunctions.functions.delete","cloudfunctions.functions.get","cloudfunctions.functions.list","cloudfunctions.functions.update","cloudfunctions.operations.get","firebase.projects.get"]}
[debug] [2023-12-02T03:31:04.180Z] >>> [apiv2][query] POST https://iam.googleapis.com/v1/projects/deployment-fsse-june-23/serviceAccounts/deployment-fsse-june-23@appspot.gserviceaccount.com:testIamPermissions [none]
[debug] [2023-12-02T03:31:04.181Z] >>> [apiv2][body] POST https://iam.googleapis.com/v1/projects/deployment-fsse-june-23/serviceAccounts/deployment-fsse-june-23@appspot.gserviceaccount.com:testIamPermissions {"permissions":["iam.serviceAccounts.actAs"]}
[debug] [2023-12-02T03:31:05.535Z] <<< [apiv2][status] POST https://iam.googleapis.com/v1/projects/deployment-fsse-june-23/serviceAccounts/deployment-fsse-june-23@appspot.gserviceaccount.com:testIamPermissions 200
[debug] [2023-12-02T03:31:05.535Z] <<< [apiv2][body] POST https://iam.googleapis.com/v1/projects/deployment-fsse-june-23/serviceAccounts/deployment-fsse-june-23@appspot.gserviceaccount.com:testIamPermissions {"permissions":["iam.serviceAccounts.actAs"]}
[info] 
[info] === Deploying to 'deployment-fsse-june-23'...
[info] 
[info] i  deploying functions 
[debug] [2023-12-02T03:31:05.555Z] >>> [apiv2][query] GET https://firebase.googleapis.com/v1beta1/projects/deployment-fsse-june-23 [none]
[debug] [2023-12-02T03:31:05.943Z] <<< [apiv2][status] GET https://firebase.googleapis.com/v1beta1/projects/deployment-fsse-june-23 200
[debug] [2023-12-02T03:31:05.944Z] <<< [apiv2][body] GET https://firebase.googleapis.com/v1beta1/projects/deployment-fsse-june-23 {"projectId":"deployment-fsse-june-23","projectNumber":"22359952577","displayName":"Deployment-FSSE June 23","name":"projects/deployment-fsse-june-23","resources":{"hostingSite":"deployment-fsse-june-23"},"state":"ACTIVE","etag":"1_494b91d6-6640-460f-9ce1-ceb12308c550"}
[info] i  functions: preparing codebase functions for deployment 
[info] i  functions: ensuring required API cloudfunctions.googleapis.com is enabled... 
[info] i  functions: ensuring required API cloudbuild.googleapis.com is enabled... 
[info] i  artifactregistry: ensuring required API artifactregistry.googleapis.com is enabled... 
[debug] [2023-12-02T03:31:05.959Z] >>> [apiv2][query] GET https://serviceusage.googleapis.com/v1/projects/deployment-fsse-june-23/services/cloudfunctions.googleapis.com [none]
[debug] [2023-12-02T03:31:05.959Z] >>> [apiv2][(partial)header] GET https://serviceusage.googleapis.com/v1/projects/deployment-fsse-june-23/services/cloudfunctions.googleapis.com x-goog-quota-user=projects/deployment-fsse-june-23
[debug] [2023-12-02T03:31:05.965Z] >>> [apiv2][query] GET https://serviceusage.googleapis.com/v1/projects/deployment-fsse-june-23/services/runtimeconfig.googleapis.com [none]
[debug] [2023-12-02T03:31:05.965Z] >>> [apiv2][(partial)header] GET https://serviceusage.googleapis.com/v1/projects/deployment-fsse-june-23/services/runtimeconfig.googleapis.com x-goog-quota-user=projects/deployment-fsse-june-23
[debug] [2023-12-02T03:31:05.971Z] >>> [apiv2][query] GET https://serviceusage.googleapis.com/v1/projects/deployment-fsse-june-23/services/cloudbuild.googleapis.com [none]
[debug] [2023-12-02T03:31:05.972Z] >>> [apiv2][(partial)header] GET https://serviceusage.googleapis.com/v1/projects/deployment-fsse-june-23/services/cloudbuild.googleapis.com x-goog-quota-user=projects/deployment-fsse-june-23
[debug] [2023-12-02T03:31:05.976Z] >>> [apiv2][query] GET https://serviceusage.googleapis.com/v1/projects/deployment-fsse-june-23/services/artifactregistry.googleapis.com [none]
[debug] [2023-12-02T03:31:05.976Z] >>> [apiv2][(partial)header] GET https://serviceusage.googleapis.com/v1/projects/deployment-fsse-june-23/services/artifactregistry.googleapis.com x-goog-quota-user=projects/deployment-fsse-june-23
[debug] [2023-12-02T03:31:07.443Z] <<< [apiv2][status] GET https://serviceusage.googleapis.com/v1/projects/deployment-fsse-june-23/services/runtimeconfig.googleapis.com 200
[debug] [2023-12-02T03:31:07.444Z] <<< [apiv2][body] GET https://serviceusage.googleapis.com/v1/projects/deployment-fsse-june-23/services/runtimeconfig.googleapis.com [omitted]
[debug] [2023-12-02T03:31:07.471Z] <<< [apiv2][status] GET https://serviceusage.googleapis.com/v1/projects/deployment-fsse-june-23/services/artifactregistry.googleapis.com 200
[debug] [2023-12-02T03:31:07.471Z] <<< [apiv2][body] GET https://serviceusage.googleapis.com/v1/projects/deployment-fsse-june-23/services/artifactregistry.googleapis.com [omitted]
[info] +  artifactregistry: required API artifactregistry.googleapis.com is enabled 
[debug] [2023-12-02T03:31:07.477Z] <<< [apiv2][status] GET https://serviceusage.googleapis.com/v1/projects/deployment-fsse-june-23/services/cloudbuild.googleapis.com 200
[debug] [2023-12-02T03:31:07.478Z] <<< [apiv2][body] GET https://serviceusage.googleapis.com/v1/projects/deployment-fsse-june-23/services/cloudbuild.googleapis.com [omitted]
[info] +  functions: required API cloudbuild.googleapis.com is enabled 
[debug] [2023-12-02T03:31:07.512Z] <<< [apiv2][status] GET https://serviceusage.googleapis.com/v1/projects/deployment-fsse-june-23/services/cloudfunctions.googleapis.com 200
[debug] [2023-12-02T03:31:07.513Z] <<< [apiv2][body] GET https://serviceusage.googleapis.com/v1/projects/deployment-fsse-june-23/services/cloudfunctions.googleapis.com [omitted]
[info] +  functions: required API cloudfunctions.googleapis.com is enabled 
[debug] [2023-12-02T03:31:07.517Z] >>> [apiv2][query] GET https://firebase.googleapis.com/v1beta1/projects/deployment-fsse-june-23/adminSdkConfig [none]
[debug] [2023-12-02T03:31:07.824Z] <<< [apiv2][status] GET https://firebase.googleapis.com/v1beta1/projects/deployment-fsse-june-23/adminSdkConfig 200
[debug] [2023-12-02T03:31:07.825Z] <<< [apiv2][body] GET https://firebase.googleapis.com/v1beta1/projects/deployment-fsse-june-23/adminSdkConfig {"projectId":"deployment-fsse-june-23","storageBucket":"deployment-fsse-june-23.appspot.com"}
[debug] [2023-12-02T03:31:07.828Z] >>> [apiv2][query] GET https://runtimeconfig.googleapis.com/v1beta1/projects/deployment-fsse-june-23/configs [none]
[debug] [2023-12-02T03:31:08.196Z] <<< [apiv2][status] GET https://runtimeconfig.googleapis.com/v1beta1/projects/deployment-fsse-june-23/configs 200
[debug] [2023-12-02T03:31:08.196Z] <<< [apiv2][body] GET https://runtimeconfig.googleapis.com/v1beta1/projects/deployment-fsse-june-23/configs {}
[debug] [2023-12-02T03:31:08.203Z] Customer code is not Node
[debug] [2023-12-02T03:31:08.204Z] Validating python source
[debug] [2023-12-02T03:31:08.205Z] Building python source
[info] i  functions: Loading and analyzing source code for codebase functions to determine what to deploy 
[debug] [2023-12-02T03:31:08.210Z] Could not find functions.yaml. Must use http discovery
[debug] [2023-12-02T03:31:08.260Z] Running command with virtualenv: command="C:\Users\Aldi Andalan\Documents\revou\week-22-andalanaldi\functions\venv\Scripts\activate.bat", args=["","&&","python.exe","-c","\"import firebase_functions; import os; print(os.path.dirname(firebase_functions.__file__))\""]
[debug] [2023-12-02T03:31:08.666Z] stderr: Traceback (most recent call last):

[debug] [2023-12-02T03:31:08.668Z] stderr:   File "<string>", line 1, in <module>
ModuleNotFoundError: No module named 'firebase_functions'

[debug] [2023-12-02T03:31:08.780Z] Error: spawn "C:\Users\Aldi Andalan\Documents\revou\week-22-andalanaldi\functions\venv\Scripts\activate.bat" ENOENT
    at notFoundError (C:\Users\Aldi Andalan\AppData\Roaming\npm\node_modules\firebase-tools\node_modules\cross-spawn\lib\enoent.js:6:26)
    at verifyENOENT (C:\Users\Aldi Andalan\AppData\Roaming\npm\node_modules\firebase-tools\node_modules\cross-spawn\lib\enoent.js:40:16)
    at cp.emit (C:\Users\Aldi Andalan\AppData\Roaming\npm\node_modules\firebase-tools\node_modules\cross-spawn\lib\enoent.js:27:25)
    at ChildProcess._handle.onexit (node:internal/child_process:291:12)
[error] 
[error] Error: An unexpected error has occurred.
